\BOOKMARK [0][-]{chapter.1}{\376\377\0001\000\040\000C\000o\000s\000m\000o\000l\000o\000g\000y}{}% 1
\BOOKMARK [1][-]{section.2}{\376\377\0001\000\040\000I\000n\000t\000r\000o\000d\000u\000c\000t\000i\000o\000n}{chapter.1}% 2
\BOOKMARK [1][-]{section.3}{\376\377\0002\000\040\000N\000e\000w\000t\000o\000n\000i\000a\000n\000\040\000c\000o\000s\000m\000o\000l\000o\000g\000y}{chapter.1}% 3
\BOOKMARK [1][-]{section.4}{\376\377\0003\000\040\000G\000e\000n\000e\000r\000a\000l\000\040\000R\000e\000l\000a\000t\000i\000v\000i\000t\000y\000\040\000\050\000G\000R\000\051}{chapter.1}% 4
\BOOKMARK [1][-]{section.5}{\376\377\0004\000\040\000T\000h\000e\000\040\000e\000x\000p\000a\000n\000d\000i\000n\000g\000\040\000u\000n\000i\000v\000e\000r\000s\000e}{chapter.1}% 5
\BOOKMARK [1][-]{section.6}{\376\377\0005\000\040\000T\000h\000e\000\040\000C\000o\000n\000c\000o\000r\000d\000a\000n\000c\000e\000\040\000m\000o\000d\000e\000l\000\040\000\050\000C\000D\000M\000-\000m\000o\000d\000e\000l\000\051}{chapter.1}% 6
\BOOKMARK [2][-]{subsection.7}{\376\377\0005\000.\0001\000\040\000F\000l\000u\000i\000d\000\040\000e\000q\000u\000a\000t\000i\000o\000n\000\040\000f\000r\000o\000m\000\040\000N\000e\000w\000t\000o\000n\000i\000a\000n\000\040\000M\000e\000c\000h\000a\000n\000i\000c\000s}{section.6}% 7
\BOOKMARK [2][-]{subsection.17}{\376\377\0005\000.\0002\000\040\000T\000h\000e\000\040\000F\000r\000i\000e\000d\000m\000a\000n\000\040\000e\000q\000u\000a\000t\000i\000o\000n}{section.6}% 8
\BOOKMARK [2][-]{subsection.21}{\376\377\0005\000.\0003\000\040\000T\000h\000e\000\040\000R\000a\000y\000c\000h\000a\000u\000d\000h\000u\000r\000i\000\040\000E\000q\000u\000a\000t\000i\000o\000n}{section.6}% 9
\BOOKMARK [2][-]{subsection.24}{\376\377\0005\000.\0004\000\040\000S\000o\000l\000v\000i\000n\000g\000\040\000t\000h\000e\000\040\000F\000r\000i\000e\000d\000m\000a\000n\000\040\000e\000q\000u\000a\000t\000i\000o\000n\000\040\000f\000o\000r\000\040\000d\000i\000f\000f\000e\000r\000e\000n\000t\000\040\000e\000p\000o\000c\000h\000s\000\040\000a\000n\000d\000\040\000c\000u\000r\000v\000a\000t\000u\000r\000e\000s}{section.6}% 10
\BOOKMARK [1][-]{section.27}{\376\377\0006\000\040\000S\000h\000o\000r\000t\000c\000o\000m\000i\000n\000g\000s\000\040\000o\000f\000\040\000t\000h\000e\000\040\000C\000o\000n\000c\000o\000r\000d\000a\000n\000c\000e\000\040\000m\000o\000d\000e\000l\000\040\000a\000n\000d\000\040\000N\000e\000w\000\040\000p\000r\000o\000p\000o\000s\000i\000t\000i\000o\000n\000s}{chapter.1}% 11
\BOOKMARK [0][-]{chapter.28}{\376\377\0002\000\040\000C\000h\000a\000p\000l\000y\000g\000i\000n\000\040\000g\000a\000s}{}% 12
\BOOKMARK [1][-]{section.29}{\376\377\0001\000\040\000T\000h\000e\000\040\000m\000o\000d\000i\000f\000i\000e\000d\000\040\000C\000h\000a\000p\000l\000y\000g\000i\000n\000\040\000g\000a\000s\000\040\000e\000q\000u\000a\000t\000i\000o\000n\000\040\000o\000f\000\040\000s\000t\000a\000t\000e}{chapter.28}% 13
\BOOKMARK [1][-]{section.38}{\376\377\0002\000\040\000S\000o\000l\000v\000i\000n\000g\000\040\000t\000h\000e\000\040\000F\000r\000i\000e\000d\000m\000a\000n\000\040\000e\000q\000u\000a\000t\000i\000o\000n\000\040\000f\000o\000r\000\040\000t\000h\000e\000\040\000M\000C\000G}{chapter.28}% 14
\BOOKMARK [1][-]{section.45}{\376\377\0003\000\040\000B\000e\000h\000a\000v\000i\000o\000u\000r\000\040\000o\000f\000\040\000v\000a\000r\000i\000o\000u\000s\000\040\000q\000u\000a\000n\000t\000i\000t\000i\000e\000s\000\040\000f\000o\000r\000\040\000t\000h\000e\000\040\000c\000a\000s\000e\000\040\000o\000f\000\040\000a\000\040\000C\000h\000a\000p\000l\000y\000g\000i\000n\000\040\000e\000q\000u\000a\000t\000i\000o\000n\000\040\000o\000f\000\040\000s\000t\000a\000t\000e}{chapter.28}% 15
\BOOKMARK [2][-]{subsection.46}{\376\377\0003\000.\0001\000\040\000T\000h\000e\000\040\000H\000u\000b\000b\000l\000e\000\040\000p\000a\000r\000a\000m\000e\000t\000e\000r\000\040\000f\000o\000r\000\040\000t\000h\000e\000\040\000c\000a\000s\000e\000\040\000o\000f\000\040\000a\000\040\000C\000h\000a\000p\000l\000y\000g\000i\000n\000\040\000e\000q\000u\000a\000t\000i\000o\000n\000\040\000o\000f\000\040\000s\000t\000a\000t\000e}{section.45}% 16
\BOOKMARK [2][-]{subsection.54}{\376\377\0003\000.\0002\000\040\000A\000c\000c\000e\000l\000e\000r\000a\000t\000i\000o\000n\000\040\000o\000f\000\040\000t\000h\000e\000\040\000e\000x\000p\000a\000n\000s\000i\000o\000n\000\040\000f\000o\000r\000\040\000t\000h\000e\000\040\000c\000a\000s\000e\000\040\000o\000f\000\040\000a\000\040\000C\000h\000a\000p\000l\000y\000g\000i\000n\000\040\000g\000a\000s\000\040\000e\000q\000u\000a\000t\000i\000o\000n\000\040\000o\000f\000\040\000s\000t\000a\000t\000e}{section.45}% 17
\BOOKMARK [0][-]{chapter.60}{\376\377\0003\000\040\000U\000n\000i\000f\000i\000e\000d\000\040\000D\000a\000r\000k\000\040\000F\000l\000u\000i\000d}{}% 18
\BOOKMARK [1][-]{section.61}{\376\377\0001\000\040\000T\000h\000e\000\040\000P\000r\000e\000s\000s\000u\000r\000e\000-\000P\000a\000r\000a\000m\000e\000t\000r\000i\000z\000e\000d\000\040\000U\000n\000i\000f\000i\000e\000d\000\040\000D\000a\000r\000k\000\040\000F\000l\000u\000i\000d\000\040\000e\000q\000u\000a\000t\000i\000o\000n\000\040\000o\000f\000\040\000s\000t\000a\000t\000e}{chapter.60}% 19
\BOOKMARK [1][-]{section.67}{\376\377\0002\000\040\000B\000e\000h\000a\000v\000i\000o\000u\000r\000\040\000o\000f\000\040\000v\000a\000r\000i\000o\000u\000s\000\040\000q\000u\000a\000n\000t\000i\000t\000i\000e\000s\000\040\000f\000o\000r\000\040\000t\000h\000e\000\040\000c\000a\000s\000e\000\040\000o\000f\000\040\000t\000h\000e\000\040\000P\000P\000U\000D\000F\000\040\000e\000q\000u\000a\000t\000i\000o\000n\000\040\000o\000f\000\040\000s\000t\000a\000t\000e}{chapter.60}% 20
\BOOKMARK [2][-]{subsection.68}{\376\377\0002\000.\0001\000\040\000T\000h\000e\000\040\000D\000i\000m\000e\000n\000s\000i\000o\000n\000l\000e\000s\000s\000\040\000H\000u\000b\000b\000l\000e\000\040\000p\000a\000r\000a\000m\000e\000t\000e\000r\000\040\000f\000o\000r\000\040\000t\000h\000e\000\040\000c\000a\000s\000e\000\040\000o\000f\000\040\000a\000\040\000P\000P\000U\000D\000F\000\040\000e\000q\000u\000a\000t\000i\000o\000n\000\040\000o\000f\000\040\000s\000t\000a\000t\000e}{section.67}% 21
\BOOKMARK [2][-]{subsection.73}{\376\377\0002\000.\0002\000\040\000A\000c\000c\000e\000l\000e\000r\000a\000t\000i\000o\000n\000\040\000o\000f\000\040\000t\000h\000e\000\040\000s\000c\000a\000l\000e\000\040\000f\000a\000c\000t\000o\000r\000\040\000f\000o\000r\000\040\000t\000h\000e\000\040\000c\000a\000s\000e\000\040\000o\000f\000\040\000t\000h\000e\000\040\000P\000P\000U\000D\000F\000\040\000e\000q\000u\000a\000t\000i\000o\000n\000\040\000o\000f\000\040\000s\000t\000a\000t\000e}{section.67}% 22
\BOOKMARK [0][-]{chapter.78}{\376\377\0004\000\040\000F\000i\000n\000a\000l\000\040\000r\000e\000m\000a\000r\000k\000s}{}% 23
\BOOKMARK [1][-]{section.79}{\376\377\0001\000\040\000D\000i\000s\000c\000u\000s\000s\000i\000o\000n\000\040\000a\000n\000d\000\040\000C\000o\000n\000c\000l\000u\000s\000i\000o\000n\000s}{chapter.78}% 24
\BOOKMARK [1][-]{section.80}{\376\377\0002\000\040\000A\000c\000k\000n\000o\000w\000l\000e\000d\000g\000e\000m\000e\000n\000t\000s}{chapter.78}% 25
\BOOKMARK [0][-]{chapter.81}{\376\377\0005\000\040\000A\000p\000p\000e\000n\000d\000i\000c\000e\000s}{}% 26
